[debug] [2024-01-18T03:09:18.904Z] ----------------------------------------------------------------------
[debug] [2024-01-18T03:09:18.905Z] Command:       /home/jakub/.nvm/versions/node/v18.17.0/bin/node /home/jakub/.nvm/versions/node/v18.17.0/bin/firebase init
[debug] [2024-01-18T03:09:18.905Z] CLI Version:   13.0.3
[debug] [2024-01-18T03:09:18.905Z] Platform:      linux
[debug] [2024-01-18T03:09:18.906Z] Node Version:  v18.17.0
[debug] [2024-01-18T03:09:18.906Z] Time:          Thu Jan 18 2024 04:09:18 GMT+0100 (Central European Standard Time)
[debug] [2024-01-18T03:09:18.906Z] ----------------------------------------------------------------------
[debug] 
[debug] [2024-01-18T03:09:18.908Z] > command requires scopes: ["email","openid","https://www.googleapis.com/auth/cloudplatformprojects.readonly","https://www.googleapis.com/auth/firebase","https://www.googleapis.com/auth/cloud-platform"]
[debug] [2024-01-18T03:09:18.908Z] > authorizing via signed-in user (xhendotv@gmail.com)
[info] 
     ######## #### ########  ######## ########     ###     ######  ########
     ##        ##  ##     ## ##       ##     ##  ##   ##  ##       ##
     ######    ##  ########  ######   ########  #########  ######  ######
     ##        ##  ##    ##  ##       ##     ## ##     ##       ## ##
     ##       #### ##     ## ######## ########  ##     ##  ######  ########

You're about to initialize a Firebase project in this directory:

  /home/jakub/Documents/todo-app

[info] 
=== Project Setup
[info] 
[info] First, let's associate this project directory with a Firebase project.
[info] You can create multiple project aliases by running firebase use --add, 
[info] but for now we'll just set up a default project.
[info] 
[debug] [2024-01-18T03:09:48.670Z] >>> [apiv2][query] GET https://firebase.googleapis.com/v1beta1/projects pageSize=100
[debug] [2024-01-18T03:09:49.198Z] <<< [apiv2][status] GET https://firebase.googleapis.com/v1beta1/projects 200
[debug] [2024-01-18T03:09:49.198Z] <<< [apiv2][body] GET https://firebase.googleapis.com/v1beta1/projects [omitted]
[info] i  Using project todo-app-4f75b (todo-app) 
[info] 
=== Hosting Setup
[debug] [2024-01-18T03:09:57.723Z] >>> [apiv2][query] GET https://firebase.googleapis.com/v1beta1/projects/todo-app-4f75b [none]
[debug] [2024-01-18T03:09:58.053Z] <<< [apiv2][status] GET https://firebase.googleapis.com/v1beta1/projects/todo-app-4f75b 200
[debug] [2024-01-18T03:09:58.054Z] <<< [apiv2][body] GET https://firebase.googleapis.com/v1beta1/projects/todo-app-4f75b {"projectId":"todo-app-4f75b","projectNumber":"235808786735","displayName":"todo-app","name":"projects/todo-app-4f75b","resources":{"hostingSite":"todo-app-4f75b"},"state":"ACTIVE","etag":"1_4daf248f-2db2-4f90-8b09-a21e1783fce5"}
[info] 
[info] Your public directory is the folder (relative to your project directory) that
[info] will contain Hosting assets to be uploaded with firebase deploy. If you
[info] have a build process for your assets, use your build's output directory.
[info] 
[debug] [2024-01-18T03:11:36.977Z] >>> [apiv2][query] GET https://www.gstatic.com/firebasejs/releases.json [none]
[debug] [2024-01-18T03:11:37.149Z] <<< [apiv2][status] GET https://www.gstatic.com/firebasejs/releases.json 200
[debug] [2024-01-18T03:11:37.149Z] <<< [apiv2][body] GET https://www.gstatic.com/firebasejs/releases.json {"current":{"version":"10.7.1","browserURL":"https://www.gstatic.com/firebasejs/10.7.1/firebase.js","packageURL":"https://www.gstatic.com/firebasejs/10.7.1/firebase.tgz"},"live":{"version":"10.7","browserURL":"https://www.gstatic.com/firebasejs/live/10.7/firebase.js","packageURL":"https://www.gstatic.com/firebasejs/live/10.7/firebase.tgz"},"components":{"analytics":"https://www.gstatic.com/firebasejs/10.7.1/firebase-analytics.js","app":"https://www.gstatic.com/firebasejs/10.7.1/firebase-app.js","app-check":"https://www.gstatic.com/firebasejs/10.7.1/firebase-app-check.js","auth":"https://www.gstatic.com/firebasejs/10.7.1/firebase-auth.js","auth/cordova":"https://www.gstatic.com/firebasejs/10.7.1/firebase-auth/cordova.js","functions":"https://www.gstatic.com/firebasejs/10.7.1/firebase-functions.js","firestore":"https://www.gstatic.com/firebasejs/10.7.1/firebase-firestore.js","firestore/lite":"https://www.gstatic.com/firebasejs/10.7.1/firebase-firestore/lite.js","installations":"https://www.gstatic.com/firebasejs/10.7.1/firebase-installations.js","storage":"https://www.gstatic.com/firebasejs/10.7.1/firebase-storage.js","performance":"https://www.gstatic.com/firebasejs/10.7.1/firebase-performance.js","remote-config":"https://www.gstatic.com/firebasejs/10.7.1/firebase-remote-config.js","messaging":"https://www.gstatic.com/firebasejs/10.7.1/firebase-messaging.js","messaging/sw":"https://www.gstatic.com/firebasejs/10.7.1/firebase-messaging/sw.js","database":"https://www.gstatic.com/firebasejs/10.7.1/firebase-database.js","firestore.memory":"https://www.gstatic.com/firebasejs/10.7.1/firebase-firestore.memory.js"}}
[info] ✔  Wrote public/index.html 
[info] 
[info] i  Detected a .git folder at /home/jakub/Documents/todo-app 
[info] i  Authorizing with GitHub to upload your service account to a GitHub repository's secrets store. 
[info] 
[info] Visit this URL on this device to log in:
[info] https://github.com/login/oauth/authorize?client_id=89cf50f02ac6aaed3484&state=782506515&redirect_uri=http%3A%2F%2Flocalhost%3A9005&scope=read%3Auser%20repo%20public_repo
[info] 
[info] Waiting for authentication...
[debug] [2024-01-18T03:11:52.352Z] >>> [apiv2][query] POST https://github.com/login/oauth/access_token [none]
[debug] [2024-01-18T03:11:52.352Z] >>> [apiv2][body] POST https://github.com/login/oauth/access_token [stream]
[debug] [2024-01-18T03:11:52.761Z] <<< [apiv2][status] POST https://github.com/login/oauth/access_token 200
[debug] [2024-01-18T03:11:52.761Z] <<< [apiv2][body] POST https://github.com/login/oauth/access_token {"access_token":"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","token_type":"bearer","scope":"read:user,repo"}
[debug] [2024-01-18T03:11:52.768Z] >>> [apiv2][query] GET https://api.github.com/user [none]
[debug] [2024-01-18T03:11:53.150Z] <<< [apiv2][status] GET https://api.github.com/user 200
[debug] [2024-01-18T03:11:53.150Z] <<< [apiv2][body] GET https://api.github.com/user {"login":"jxjurkiewicz","id":76013018,"node_id":"MDQ6VXNlcjc2MDEzMDE4","avatar_url":"https://avatars.githubusercontent.com/u/76013018?v=4","gravatar_id":"","url":"https://api.github.com/users/jxjurkiewicz","html_url":"https://github.com/jxjurkiewicz","followers_url":"https://api.github.com/users/jxjurkiewicz/followers","following_url":"https://api.github.com/users/jxjurkiewicz/following{/other_user}","gists_url":"https://api.github.com/users/jxjurkiewicz/gists{/gist_id}","starred_url":"https://api.github.com/users/jxjurkiewicz/starred{/owner}{/repo}","subscriptions_url":"https://api.github.com/users/jxjurkiewicz/subscriptions","organizations_url":"https://api.github.com/users/jxjurkiewicz/orgs","repos_url":"https://api.github.com/users/jxjurkiewicz/repos","events_url":"https://api.github.com/users/jxjurkiewicz/events{/privacy}","received_events_url":"https://api.github.com/users/jxjurkiewicz/received_events","type":"User","site_admin":false,"name":null,"company":null,"blog":"","location":null,"email":null,"hireable":null,"bio":null,"twitter_username":null,"public_repos":5,"public_gists":0,"followers":0,"following":0,"created_at":"2020-12-14T20:57:06Z","updated_at":"2024-01-18T03:11:41Z","private_gists":0,"total_private_repos":3,"owned_private_repos":3,"disk_usage":485145,"collaborators":0,"two_factor_authentication":false,"plan":{"name":"free","space":976562499,"collaborators":0,"private_repos":10000}}
[info] 
[info] ✔  Success! Logged into GitHub as jxjurkiewicz 
[info] 
